<?xml version="1.0" encoding="UTF-8"?>
<!-- Generated by org.testng.reporters.JUnitReportReporter -->
<testsuite hostname="LAPTOP-8C0MNRJE" failures="0" tests="1" name="LeadsModule.DeleteLeadTest" time="25.049" errors="0" timestamp="2024-02-11T19:38:54 IST" skipped="0">
  <testcase classname="LeadsModule.DeleteLeadTest" name="deleteLeadAndVerifyTest" time="25.049"/>
</testsuite> <!-- LeadsModule.DeleteLeadTest -->
