<?xml version="1.0" encoding="UTF-8"?>
<!-- Generated by org.testng.reporters.JUnitReportReporter -->
<testsuite hostname="LAPTOP-8C0MNRJE" failures="0" tests="1" name="LeadsModule.EditLeadTest" time="49.677" errors="0" timestamp="2024-02-12T22:19:45 IST" skipped="0">
  <testcase classname="LeadsModule.EditLeadTest" name="editLeadAndVerifyTest" time="49.677"/>
</testsuite> <!-- LeadsModule.EditLeadTest -->
