<?xml version="1.0" encoding="UTF-8"?>
<!-- Generated by org.testng.reporters.JUnitReportReporter -->
<testsuite hostname="LAPTOP-8C0MNRJE" failures="0" tests="1" name="ProductsModule.CreateProductTest" time="20.046" errors="0" timestamp="2024-02-06T02:58:30 IST" skipped="0">
  <testcase classname="ProductsModule.CreateProductTest" name="createProductAndVerifyTest" time="20.046"/>
</testsuite> <!-- ProductsModule.CreateProductTest -->
