<?xml version="1.0" encoding="UTF-8"?>
<!-- Generated by org.testng.reporters.JUnitReportReporter -->
<testsuite hostname="LAPTOP-8C0MNRJE" failures="0" tests="1" name="VendorsModule.CreateVendorTest" time="31.762" errors="0" timestamp="2024-02-07T22:10:06 IST" skipped="0">
  <testcase classname="VendorsModule.CreateVendorTest" name="createVendorAndVerifyTest" time="31.762"/>
</testsuite> <!-- VendorsModule.CreateVendorTest -->
