<?xml version="1.0" encoding="UTF-8"?>
<!-- Generated by org.testng.reporters.JUnitReportReporter -->
<testsuite hostname="LAPTOP-8C0MNRJE" failures="0" tests="1" name="LeadsModule.CreateLeadTest" time="14.276" errors="0" timestamp="2024-02-17T18:46:44 IST" skipped="0">
  <testcase classname="LeadsModule.CreateLeadTest" name="createAndVerifyLeadTest" time="14.276"/>
</testsuite> <!-- LeadsModule.CreateLeadTest -->
