<?xml version="1.0" encoding="UTF-8"?>
<!-- Generated by org.testng.reporters.JUnitReportReporter -->
<testsuite hostname="LAPTOP-8C0MNRJE" failures="0" tests="1" name="LoginModule.LoginTest" time="1.330" errors="0" timestamp="2024-02-14T23:38:54 IST" skipped="0">
  <testcase classname="LoginModule.LoginTest" name="LoginDataDrivenTest" time="1.330"/>
</testsuite> <!-- LoginModule.LoginTest -->
