<?xml version="1.0" encoding="UTF-8"?>
<!-- Generated by org.testng.reporters.JUnitReportReporter -->
<testsuite hostname="LAPTOP-8C0MNRJE" failures="0" tests="3" name="LeadsModule.DeleteLeadUsingDelLInkTest" time="117.229" errors="0" timestamp="2024-02-16T17:32:58 IST" skipped="0">
  <testcase classname="LeadsModule.DeleteLeadUsingDelLInkTest" name="deleteLeadUsingDelLinkAndVerifyTest" time="32.467"/>
  <testcase classname="LeadsModule.DeleteLeadUsingDelLInkTest" name="deleteLeadUsingDelLinkAndVerifyTest" time="39.076"/>
  <testcase classname="LeadsModule.DeleteLeadUsingDelLInkTest" name="deleteLeadUsingDelLinkAndVerifyTest" time="45.686"/>
</testsuite> <!-- LeadsModule.DeleteLeadUsingDelLInkTest -->
